<?xml version="1.0" encoding="UTF-8"?>
<!-- Generated by org.testng.reporters.JUnitReportReporter -->
<testsuite hostname="LAPTOP-QUMG6PNP" failures="0" tests="1" name="maven1.chromemaven.AppTest" time="0.012" errors="0" timestamp="2021-09-28T22:22:54 IST" skipped="0">
  <testcase classname="maven1.chromemaven.AppTest" name="shouldAnswerWithTrue" time="0.012"/>
  <system-out/>
</testsuite> <!-- maven1.chromemaven.AppTest -->
